{"level":"info","message":"Posts carregados com sucesso"}
{"level":"info","message":"Posts carregados com sucesso"}
{"level":"info","message":"Posts carregados com sucesso"}
{"level":"info","message":"Posts carregados com sucesso"}
{"level":"info","message":"Posts carregados com sucesso"}
{"level":"info","message":"Posts carregados com sucesso"}
{"level":"info","message":"Posts carregados com sucesso"}
{"level":"info","message":"Posts carregados com sucesso"}
{"level":"info","message":"Posts carregados com sucesso"}
{"level":"info","message":"Posts carregados com sucesso"}
{"level":"info","message":"Posts carregados com sucesso"}
{"level":"info","message":"Posts carregados com sucesso"}
{"level":"info","message":"Posts carregados com sucesso"}
{"level":"info","message":"Posts carregados com sucesso"}
{"level":"info","message":"Posts carregados com sucesso"}
{"level":"info","message":"Posts carregados com sucesso"}
{"level":"info","message":"Posts carregados com sucesso"}
{"level":"info","message":"Posts carregados com sucesso"}
{"level":"info","message":"Posts carregados com sucesso"}
{"level":"info","message":"Posts carregados com sucesso"}
{"level":"info","message":"Posts carregados com sucesso"}
{"level":"info","message":"Posts carregados com sucesso"}
{"level":"info","message":"Posts carregados com sucesso"}
{"level":"info","message":"Posts carregados com sucesso"}
{"level":"info","message":"Posts carregados com sucesso"}
{"level":"info","message":"Posts carregados com sucesso"}
{"level":"info","message":"Posts carregados com sucesso"}
{"level":"info","message":"Posts carregados com sucesso"}
{"level":"info","message":"Posts carregados com sucesso"}
{"level":"info","message":"Posts carregados com sucesso"}
{"level":"info","message":"Posts carregados com sucesso"}
{"level":"info","message":"Posts carregados com sucesso"}
{"level":"info","message":"Posts carregados com sucesso"}
{"level":"info","message":"Posts carregados com sucesso"}
{"level":"info","message":"Posts carregados com sucesso"}
{"level":"info","message":"Posts carregados com sucesso"}
{"level":"info","message":"Posts carregados com sucesso"}
{"level":"info","message":"Posts carregados com sucesso"}
{"level":"info","message":"Posts carregados com sucesso"}
{"level":"info","message":"Posts carregados com sucesso"}
{"level":"info","message":"Posts carregados com sucesso"}
{"level":"info","message":"Posts carregados com sucesso"}
{"level":"info","message":"Posts carregados com sucesso"}
{"level":"info","message":"Posts carregados com sucesso"}
{"level":"info","message":"Posts carregados com sucesso"}
{"level":"info","message":"Posts carregados com sucesso"}
{"level":"info","message":"Posts carregados com sucesso"}
{"level":"info","message":"Posts carregados com sucesso"}
{"level":"info","message":"Posts carregados com sucesso"}
{"level":"info","message":"Posts carregados com sucesso"}
{"level":"info","message":"Posts carregados com sucesso"}
{"level":"info","message":"Posts carregados com sucesso"}
{"level":"info","message":"Posts carregados com sucesso"}
{"level":"info","message":"Posts carregados com sucesso"}
{"level":"info","message":"Posts carregados com sucesso"}
{"level":"info","message":"Posts carregados com sucesso"}
{"level":"info","message":"Posts carregados com sucesso"}
{"level":"info","message":"Posts carregados com sucesso"}
{"level":"info","message":"Posts carregados com sucesso"}
{"level":"info","message":"Posts carregados com sucesso"}
{"level":"info","message":"Posts carregados com sucesso"}
{"level":"info","message":"Posts carregados com sucesso"}
{"level":"info","message":"Posts carregados com sucesso"}
{"level":"info","message":"Posts carregados com sucesso"}
{"level":"info","message":"Posts carregados com sucesso"}
{"level":"info","message":"Posts carregados com sucesso"}
{"level":"info","message":"Posts carregados com sucesso"}
{"level":"info","message":"Posts carregados com sucesso"}
{"level":"info","message":"Posts carregados com sucesso"}
{"level":"info","message":"Posts carregados com sucesso"}
{"level":"info","message":"Posts carregados com sucesso"}
{"level":"info","message":"Posts carregados com sucesso"}
{"level":"info","message":"Posts carregados com sucesso"}
{"level":"info","message":"Posts carregados com sucesso"}
{"level":"info","message":"Posts carregados com sucesso"}
{"level":"info","message":"Posts carregados com sucesso"}
{"level":"info","message":"Posts carregados com sucesso"}
{"level":"info","message":"Posts carregados com sucesso"}
{"level":"info","message":"Posts carregados com sucesso"}
{"level":"info","message":"Posts carregados com sucesso"}
{"level":"info","message":"Posts carregados com sucesso"}
{"level":"info","message":"Posts carregados com sucesso"}
{"level":"info","message":"Posts carregados com sucesso"}
{"level":"info","message":"Posts carregados com sucesso"}
{"level":"info","message":"Posts carregados com sucesso"}
{"level":"info","message":"Posts carregados com sucesso"}
{"level":"info","message":"Posts carregados com sucesso"}
{"level":"info","message":"Posts carregados com sucesso"}
{"level":"info","message":"Posts carregados com sucesso"}
{"level":"info","message":"Posts carregados com sucesso"}
{"level":"info","message":"Posts carregados com sucesso"}
{"level":"info","message":"Posts carregados com sucesso"}
{"level":"info","message":"Posts carregados com sucesso"}
{"level":"info","message":"Posts carregados com sucesso"}
{"level":"info","message":"Posts carregados com sucesso"}
{"level":"info","message":"Posts carregados com sucesso"}
{"level":"info","message":"Posts carregados com sucesso"}
{"level":"info","message":"Posts carregados com sucesso"}
{"level":"info","message":"Posts carregados com sucesso"}
{"level":"info","message":"Posts carregados com sucesso"}
{"level":"info","message":"Posts carregados com sucesso"}
{"level":"info","message":"Posts carregados com sucesso"}
{"level":"info","message":"Posts carregados com sucesso"}
{"level":"info","message":"Posts carregados com sucesso"}
{"level":"info","message":"Posts carregados com sucesso"}
{"level":"info","message":"Posts carregados com sucesso"}
{"level":"info","message":"Posts carregados com sucesso"}
{"level":"info","message":"Posts carregados com sucesso"}
{"level":"info","message":"Posts carregados com sucesso"}
{"level":"info","message":"Posts carregados com sucesso"}
{"level":"info","message":"Posts carregados com sucesso"}
{"level":"info","message":"Posts carregados com sucesso"}
{"level":"info","message":"Posts carregados com sucesso"}
{"level":"info","message":"Posts carregados com sucesso"}
{"level":"info","message":"Posts carregados com sucesso"}
{"level":"info","message":"Posts carregados com sucesso"}
{"level":"info","message":"Posts carregados com sucesso"}
{"level":"info","message":"Posts carregados com sucesso"}
{"level":"info","message":"Posts carregados com sucesso"}
{"level":"info","message":"Posts carregados com sucesso"}
{"level":"info","message":"Posts carregados com sucesso"}
{"level":"info","message":"Posts carregados com sucesso"}
{"level":"info","message":"Posts carregados com sucesso"}
{"level":"info","message":"Posts carregados com sucesso"}
{"level":"info","message":"Posts carregados com sucesso"}
{"level":"info","message":"Posts carregados com sucesso"}
{"level":"info","message":"Posts carregados com sucesso"}
{"level":"info","message":"Posts carregados com sucesso"}
{"level":"info","message":"Posts carregados com sucesso"}
{"level":"info","message":"Posts carregados com sucesso"}
{"level":"info","message":"Posts carregados com sucesso"}
{"level":"info","message":"Posts carregados com sucesso"}
{"level":"info","message":"Posts carregados com sucesso"}
{"level":"info","message":"Posts carregados com sucesso"}
{"level":"info","message":"Posts carregados com sucesso"}
{"level":"info","message":"Posts carregados com sucesso"}
{"level":"info","message":"Posts carregados com sucesso"}
{"level":"info","message":"Posts carregados com sucesso"}
{"level":"info","message":"Posts carregados com sucesso"}
{"level":"info","message":"Posts carregados com sucesso"}
{"level":"info","message":"Posts carregados com sucesso"}
{"level":"info","message":"Posts carregados com sucesso"}
{"level":"info","message":"Posts carregados com sucesso"}
{"level":"info","message":"Posts carregados com sucesso"}
{"level":"info","message":"Posts carregados com sucesso"}
{"level":"info","message":"Posts carregados com sucesso"}
{"level":"info","message":"Posts carregados com sucesso"}
{"level":"info","message":"Posts carregados com sucesso"}
{"level":"info","message":"Post encontrado"}
{"level":"info","message":"Post encontrado"}
{"level":"info","message":"Post encontrado"}
{"level":"info","message":"Post encontrado"}
{"level":"info","message":"Post encontrado"}
{"level":"info","message":"Post encontrado"}
{"level":"info","message":"Post encontrado"}
{"level":"info","message":"Post encontrado"}
{"level":"info","message":"Posts carregados com sucesso"}
{"level":"info","message":"Post encontrado"}
{"level":"info","message":"Posts carregados com sucesso"}
{"level":"info","message":"Post encontrado"}
{"level":"info","message":"Post encontrado"}
{"level":"info","message":"Post encontrado"}
{"level":"info","message":"Posts carregados com sucesso"}
{"level":"info","message":"Post encontrado"}
{"level":"info","message":"Posts carregados com sucesso"}
{"level":"info","message":"Post encontrado"}
{"level":"info","message":"Post encontrado"}
{"level":"info","message":"Post encontrado"}
{"level":"info","message":"Post encontrado"}
{"level":"info","message":"Posts carregados com sucesso"}
{"level":"info","message":"Post encontrado"}
{"level":"info","message":"Posts carregados com sucesso"}
{"level":"info","message":"Posts carregados com sucesso"}
{"level":"info","message":"Post encontrado"}
{"level":"info","message":"Post encontrado"}
{"level":"info","message":"Post encontrado"}
{"level":"info","message":"Post encontrado"}
{"level":"info","message":"Post encontrado"}
{"level":"info","message":"Post encontrado"}
{"level":"info","message":"Post encontrado"}
{"level":"info","message":"Post encontrado"}
{"level":"info","message":"Post encontrado"}
{"level":"info","message":"Post encontrado"}
{"level":"info","message":"Post encontrado"}
{"level":"info","message":"Post encontrado"}
{"level":"info","message":"Post encontrado"}
{"level":"info","message":"Post encontrado"}
{"level":"info","message":"Post encontrado"}
{"level":"info","message":"Post encontrado"}
{"level":"info","message":"Post encontrado"}
{"level":"info","message":"Post encontrado"}
{"level":"info","message":"Post encontrado"}
{"level":"info","message":"Post encontrado"}
{"level":"info","message":"Post encontrado"}
{"level":"info","message":"Post encontrado"}
{"level":"info","message":"Post encontrado"}
{"level":"info","message":"Post encontrado"}
{"level":"info","message":"Post encontrado"}
{"level":"info","message":"Post encontrado"}
{"level":"info","message":"Post encontrado"}
{"level":"info","message":"Post encontrado"}
{"level":"info","message":"Post encontrado"}
{"level":"info","message":"Post encontrado"}
{"level":"info","message":"Post encontrado"}
{"level":"info","message":"Post encontrado"}
{"level":"info","message":"Post encontrado"}
{"level":"info","message":"Post encontrado"}
{"level":"info","message":"Post encontrado"}
{"level":"info","message":"Post encontrado"}
{"level":"info","message":"Post encontrado"}
{"level":"info","message":"Post encontrado"}
{"level":"info","message":"Post encontrado"}
{"level":"info","message":"Posts carregados com sucesso"}
{"level":"info","message":"Posts carregados com sucesso"}
{"level":"info","message":"Posts carregados com sucesso"}
{"level":"info","message":"Post encontrado"}
{"level":"info","message":"Posts carregados com sucesso"}
{"level":"info","message":"Post encontrado"}
{"level":"info","message":"Posts carregados com sucesso"}
{"level":"info","message":"Posts carregados com sucesso"}
{"level":"info","message":"Posts carregados com sucesso"}
{"level":"info","message":"Posts carregados com sucesso"}
{"level":"info","message":"Posts carregados com sucesso"}
{"level":"info","message":"Post encontrado"}
{"level":"info","message":"Posts carregados com sucesso"}
{"level":"info","message":"Post encontrado"}
{"level":"info","message":"Post encontrado"}
{"level":"info","message":"Post encontrado"}
{"level":"info","message":"Post encontrado"}
{"level":"info","message":"Post encontrado"}
{"level":"info","message":"Post encontrado"}
{"level":"info","message":"Post encontrado"}
{"level":"info","message":"Post encontrado"}
{"level":"info","message":"Posts carregados com sucesso"}
{"level":"info","message":"Post encontrado"}
{"level":"info","message":"Posts carregados com sucesso"}
{"level":"info","message":"Post encontrado"}
{"level":"info","message":"Post encontrado"}
{"level":"info","message":"Posts carregados com sucesso"}
{"level":"info","message":"Posts carregados com sucesso"}
{"level":"info","message":"Posts carregados com sucesso"}
{"level":"info","message":"Posts carregados com sucesso"}
{"level":"info","message":"Posts carregados com sucesso"}
{"level":"info","message":"Post encontrado"}
{"level":"info","message":"Post encontrado"}
{"level":"info","message":"Posts carregados com sucesso"}
{"level":"info","message":"Post encontrado"}
{"level":"info","message":"Posts carregados com sucesso"}
{"level":"info","message":"Post encontrado"}
{"level":"info","message":"Post encontrado"}
{"level":"info","message":"Post encontrado"}
{"level":"info","message":"Post encontrado"}
{"level":"info","message":"Posts carregados com sucesso"}
{"level":"info","message":"Posts carregados com sucesso"}
{"level":"info","message":"Post encontrado"}
{"level":"info","message":"Post encontrado"}
{"level":"info","message":"Post encontrado"}
{"level":"info","message":"Posts carregados com sucesso"}
{"level":"info","message":"Posts carregados com sucesso"}
{"level":"info","message":"Posts carregados com sucesso"}
{"level":"info","message":"Posts carregados com sucesso"}
{"level":"info","message":"Posts carregados com sucesso"}
{"level":"info","message":"Post encontrado"}
{"level":"info","message":"Posts carregados com sucesso"}
{"level":"info","message":"Posts carregados com sucesso"}
{"level":"info","message":"Posts carregados com sucesso"}
{"level":"info","message":"Posts carregados com sucesso"}
{"level":"info","message":"Posts carregados com sucesso"}
{"level":"info","message":"Posts carregados com sucesso"}
{"level":"info","message":"Posts carregados com sucesso"}
{"level":"info","message":"Posts carregados com sucesso"}
{"level":"info","message":"Posts carregados com sucesso"}
{"level":"info","message":"Posts carregados com sucesso"}
{"level":"info","message":"Posts carregados com sucesso"}
{"error":{},"level":"error","message":"Falha ao obter posts"}
{"error":{},"level":"error","message":"Falha ao obter posts"}
{"error":{},"level":"error","message":"Falha ao obter posts"}
{"error":{},"level":"error","message":"Falha ao obter posts"}
{"error":{},"level":"error","message":"Falha ao obter posts"}
{"error":{},"level":"error","message":"Falha ao obter posts"}
{"error":{},"level":"error","message":"Falha ao obter posts"}
{"error":{},"level":"error","message":"Falha ao obter posts"}
{"error":{},"level":"error","message":"Falha ao obter posts"}
{"error":{},"level":"error","message":"Falha ao obter posts"}
{"error":{},"level":"error","message":"Falha ao obter posts"}
{"error":{},"level":"error","message":"Falha ao obter posts"}
{"level":"info","message":"Post encontrado"}
{"level":"info","message":"Post encontrado"}
{"error":{},"level":"error","message":"Falha ao obter posts"}
{"error":{},"level":"error","message":"Falha ao obter posts"}
{"error":{},"level":"error","message":"Falha ao obter posts"}
{"error":{},"level":"error","message":"Falha ao obter posts"}
{"error":{},"level":"error","message":"Falha ao obter posts"}
{"level":"info","message":"Post encontrado"}
{"error":{"clientVersion":"5.21.1","name":"PrismaClientValidationError"},"level":"error","message":"Falha ao obter posts"}
{"level":"info","message":"Post encontrado"}
{"error":{"clientVersion":"5.21.1","name":"PrismaClientInitializationError"},"level":"error","message":"Falha ao obter posts"}
{"error":{"clientVersion":"5.21.1","name":"PrismaClientInitializationError"},"level":"error","message":"Falha ao obter posts"}
{"error":{"clientVersion":"5.21.1","name":"PrismaClientInitializationError"},"level":"error","message":"Falha ao obter posts"}
{"error":{"clientVersion":"5.21.1","name":"PrismaClientInitializationError"},"level":"error","message":"Falha ao obter posts"}
{"error":{"clientVersion":"5.21.1","name":"PrismaClientInitializationError"},"level":"error","message":"Falha ao obter posts"}
{"error":{"clientVersion":"5.21.1","name":"PrismaClientInitializationError"},"level":"error","message":"Falha ao obter posts"}
{"error":{"clientVersion":"5.21.1","name":"PrismaClientInitializationError"},"level":"error","message":"Falha ao obter posts"}
{"error":{"clientVersion":"5.21.1","name":"PrismaClientInitializationError"},"level":"error","message":"Falha ao obter posts"}
{"error":{"clientVersion":"5.21.1","name":"PrismaClientInitializationError"},"level":"error","message":"Falha ao obter posts"}
{"error":{"clientVersion":"5.21.1","name":"PrismaClientInitializationError"},"level":"error","message":"Falha ao obter posts"}
{"error":{"clientVersion":"5.21.1","name":"PrismaClientInitializationError"},"level":"error","message":"Falha ao obter posts"}
{"error":{"clientVersion":"5.21.1","name":"PrismaClientInitializationError"},"level":"error","message":"Falha ao obter o post com o slug: ","slug":"otimizacao-de-performance-no-react"}
{"error":{"clientVersion":"5.21.1","name":"PrismaClientInitializationError"},"level":"error","message":"Falha ao obter posts"}
{"error":{"clientVersion":"5.21.1","name":"PrismaClientInitializationError"},"level":"error","message":"Falha ao obter posts"}
{"error":{"clientVersion":"5.21.1","name":"PrismaClientInitializationError"},"level":"error","message":"Falha ao obter posts"}
{"error":{"clientVersion":"5.21.1","name":"PrismaClientInitializationError"},"level":"error","message":"Falha ao obter posts"}
{"error":{},"level":"error","message":"Falha ao obter o post com o slug: ","slug":"otimizacao-de-performance-no-reacts"}
{"error":{},"level":"error","message":"Falha ao obter o post com o slug: ","slug":"otimizacao-de-performance-no-reacts"}
{"error":{},"level":"error","message":"Falha ao obter o post com o slug: ","slug":"angular-primeiros-passoss"}
{"error":{},"level":"error","message":"Falha ao obter posts"}
{"error":{},"level":"error","message":"Falha ao obter posts"}
{"error":{"clientVersion":"5.21.1","name":"PrismaClientInitializationError"},"level":"error","message":"Falha ao obter posts"}
{"error":{"clientVersion":"5.21.1","name":"PrismaClientInitializationError"},"level":"error","message":"Falha ao obter posts"}
{"error":{"clientVersion":"5.21.1","name":"PrismaClientInitializationError"},"level":"error","message":"Falha ao obter posts"}
{"error":{"clientVersion":"5.21.1","name":"PrismaClientInitializationError"},"level":"error","message":"Falha ao obter posts"}
{"error":{"clientVersion":"5.21.1","name":"PrismaClientInitializationError"},"level":"error","message":"Falha ao obter posts"}
